# JRE version: OpenJDK Runtime Environment Corretto-17.0.10.7.1 (17.0.10+7) (build 17.0.10+7-LTS)
# Java VM: OpenJDK 64-Bit Server VM Corretto-17.0.10.7.1 (17.0.10+7-LTS, mixed mode, sharing, tiered, compressed oops, compressed class ptrs, g1 gc, windows-amd64)
GC Precious Log:
 CPUs: 8 total, 8 available
 Memory: 8043M
 Large Page Support: Disabled
 NUMA Support: Disabled
 Compressed Oops: Enabled (32-bit)
 Heap Region Size: 1M
 Heap Min Capacity: 8M
 Heap Initial Capacity: 126M
 Heap Max Capacity: 2012M
 Pre-touch: Disabled
 Parallel Workers: 8
 Concurrent Workers: 2
 Concurrent Refinement Workers: 8
 Periodic GC: Disabled
Heap:
 garbage-first heap   total 51200K, used 37058K [0x0000000082400000, 0x0000000100000000)
  region size 1024K, 18 young (18432K), 2 survivors (2048K)
 Metaspace       used 56252K, committed 56768K, reserved 1114112K
  class space    used 7607K, committed 7872K, reserved 1048576K
GC Heap History (20 events):
Event: 1.272 GC heap before
{Heap before GC invocations=0 (full 0):
 garbage-first heap   total 129024K, used 23552K [0x0000000082400000, 0x0000000100000000)
  region size 1024K, 23 young (23552K), 0 survivors (0K)
 Metaspace       used 6517K, committed 6656K, reserved 1114112K
  class space    used 767K, committed 832K, reserved 1048576K
}
Event: 1.280 GC heap after
{Heap after GC invocations=1 (full 0):
 garbage-first heap   total 129024K, used 7467K [0x0000000082400000, 0x0000000100000000)
  region size 1024K, 3 young (3072K), 3 survivors (3072K)
 Metaspace       used 6517K, committed 6656K, reserved 1114112K
  class space    used 767K, committed 832K, reserved 1048576K
}
Event: 1.922 GC heap before
{Heap before GC invocations=1 (full 0):
 garbage-first heap   total 129024K, used 34091K [0x0000000082400000, 0x0000000100000000)
  region size 1024K, 29 young (29696K), 3 survivors (3072K)
 Metaspace       used 12762K, committed 12992K, reserved 1114112K
  class space    used 1711K, committed 1856K, reserved 1048576K
}
Event: 1.929 GC heap after
{Heap after GC invocations=2 (full 0):
 garbage-first heap   total 129024K, used 9323K [0x0000000082400000, 0x0000000100000000)
  region size 1024K, 2 young (2048K), 2 survivors (2048K)
 Metaspace       used 12762K, committed 12992K, reserved 1114112K
  class space    used 1711K, committed 1856K, reserved 1048576K
}
Event: 3.261 GC heap before
{Heap before GC invocations=2 (full 0):
 garbage-first heap   total 129024K, used 55403K [0x0000000082400000, 0x0000000100000000)
  region size 1024K, 48 young (49152K), 2 survivors (2048K)
 Metaspace       used 21245K, committed 21504K, reserved 1114112K
  class space    used 2704K, committed 2816K, reserved 1048576K
}
Event: 3.274 GC heap after
{Heap after GC invocations=3 (full 0):
 garbage-first heap   total 129024K, used 12707K [0x0000000082400000, 0x0000000100000000)
  region size 1024K, 6 young (6144K), 6 survivors (6144K)
 Metaspace       used 21245K, committed 21504K, reserved 1114112K
  class space    used 2704K, committed 2816K, reserved 1048576K
}
Event: 4.460 GC heap before
{Heap before GC invocations=4 (full 0):
 garbage-first heap   total 51200K, used 37283K [0x0000000082400000, 0x0000000100000000)
  region size 1024K, 30 young (30720K), 6 survivors (6144K)
 Metaspace       used 25612K, committed 25920K, reserved 1114112K
  class space    used 3370K, committed 3520K, reserved 1048576K
}
Event: 4.496 GC heap after
{Heap after GC invocations=5 (full 0):
 garbage-first heap   total 51200K, used 15171K [0x0000000082400000, 0x0000000100000000)
  region size 1024K, 3 young (3072K), 3 survivors (3072K)
 Metaspace       used 25612K, committed 25920K, reserved 1114112K
  class space    used 3370K, committed 3520K, reserved 1048576K
}
Event: 5.524 GC heap before
{Heap before GC invocations=5 (full 0):
 garbage-first heap   total 51200K, used 33603K [0x0000000082400000, 0x0000000100000000)
  region size 1024K, 22 young (22528K), 3 survivors (3072K)
 Metaspace       used 29843K, committed 30272K, reserved 1114112K
  class space    used 3893K, committed 4096K, reserved 1048576K
}
Event: 5.532 GC heap after
{Heap after GC invocations=6 (full 0):
 garbage-first heap   total 51200K, used 17383K [0x0000000082400000, 0x0000000100000000)
  region size 1024K, 3 young (3072K), 3 survivors (3072K)
 Metaspace       used 29843K, committed 30272K, reserved 1114112K
  class space    used 3893K, committed 4096K, reserved 1048576K
}
Event: 6.501 GC heap before
{Heap before GC invocations=6 (full 0):
 garbage-first heap   total 51200K, used 34791K [0x0000000082400000, 0x0000000100000000)
  region size 1024K, 21 young (21504K), 3 survivors (3072K)
 Metaspace       used 34843K, committed 35264K, reserved 1114112K
  class space    used 4655K, committed 4864K, reserved 1048576K
}
Event: 6.506 GC heap after
{Heap after GC invocations=7 (full 0):
 garbage-first heap   total 51200K, used 18511K [0x0000000082400000, 0x0000000100000000)
  region size 1024K, 2 young (2048K), 2 survivors (2048K)
 Metaspace       used 34843K, committed 35264K, reserved 1114112K
  class space    used 4655K, committed 4864K, reserved 1048576K
}
Event: 6.627 GC heap before
{Heap before GC invocations=7 (full 0):
 garbage-first heap   total 51200K, used 20559K [0x0000000082400000, 0x0000000100000000)
  region size 1024K, 5 young (5120K), 2 survivors (2048K)
 Metaspace       used 35574K, committed 35968K, reserved 1114112K
  class space    used 4727K, committed 4928K, reserved 1048576K
}
Event: 6.630 GC heap after
{Heap after GC invocations=8 (full 0):
 garbage-first heap   total 51200K, used 18913K [0x0000000082400000, 0x0000000100000000)
  region size 1024K, 2 young (2048K), 2 survivors (2048K)
 Metaspace       used 35574K, committed 35968K, reserved 1114112K
  class space    used 4727K, committed 4928K, reserved 1048576K
}
Event: 7.817 GC heap before
{Heap before GC invocations=9 (full 0):
 garbage-first heap   total 51200K, used 37345K [0x0000000082400000, 0x0000000100000000)
  region size 1024K, 21 young (21504K), 2 survivors (2048K)
 Metaspace       used 44056K, committed 44416K, reserved 1114112K
  class space    used 5775K, committed 5952K, reserved 1048576K
}
Event: 7.822 GC heap after
{Heap after GC invocations=10 (full 0):
 garbage-first heap   total 51200K, used 21002K [0x0000000082400000, 0x0000000100000000)
  region size 1024K, 3 young (3072K), 3 survivors (3072K)
 Metaspace       used 44056K, committed 44416K, reserved 1114112K
  class space    used 5775K, committed 5952K, reserved 1048576K
}
Event: 8.401 GC heap before
{Heap before GC invocations=10 (full 0):
 garbage-first heap   total 51200K, used 37386K [0x0000000082400000, 0x0000000100000000)
  region size 1024K, 20 young (20480K), 3 survivors (3072K)
 Metaspace       used 49069K, committed 49536K, reserved 1114112K
  class space    used 6503K, committed 6720K, reserved 1048576K
}
Event: 8.405 GC heap after
{Heap after GC invocations=11 (full 0):
 garbage-first heap   total 51200K, used 22134K [0x0000000082400000, 0x0000000100000000)
  region size 1024K, 2 young (2048K), 2 survivors (2048K)
 Metaspace       used 49069K, committed 49536K, reserved 1114112K
  class space    used 6503K, committed 6720K, reserved 1048576K
}
Event: 8.965 GC heap before
{Heap before GC invocations=11 (full 0):
 garbage-first heap   total 51200K, used 37494K [0x0000000082400000, 0x0000000100000000)
  region size 1024K, 18 young (18432K), 2 survivors (2048K)
 Metaspace       used 52924K, committed 53440K, reserved 1114112K
  class space    used 7162K, committed 7424K, reserved 1048576K
}
Event: 8.967 GC heap after
{Heap after GC invocations=12 (full 0):
 garbage-first heap   total 51200K, used 22722K [0x0000000082400000, 0x0000000100000000)
  region size 1024K, 2 young (2048K), 2 survivors (2048K)
 Metaspace       used 52924K, committed 53440K, reserved 1114112K
  class space    used 7162K, committed 7424K, reserved 1048576K
}

